2017-08-23 13:55:52,815 [INFO] from application in play-dev-mode-akka.actor.default-dispatcher-11 - Creating Pool for datasource 'default'
2017-08-23 13:55:53,289 [INFO] from play.api.db.DefaultDBApi in play-dev-mode-akka.actor.default-dispatcher-11 - Database [default] connected at jdbc:h2:file:./data/productsDB
2017-08-23 13:55:54,298 [ERROR] from application in play-dev-mode-akka.actor.default-dispatcher-11 - 

! @754ppij96 - Internal server error, for (GET) [/] ->
 
play.api.db.evolutions.InvalidDatabaseRevision: Database 'default' needs evolution![An SQL script need to be run on your database.]
	at play.api.db.evolutions.ApplicationEvolutions.$anonfun$runEvolutions$1(ApplicationEvolutions.scala:78)
	at play.api.db.evolutions.ApplicationEvolutions.withLock(ApplicationEvolutions.scala:100)
	at play.api.db.evolutions.ApplicationEvolutions.runEvolutions(ApplicationEvolutions.scala:49)
	at play.api.db.evolutions.ApplicationEvolutions.$anonfun$start$1(ApplicationEvolutions.scala:42)
	at play.api.db.evolutions.ApplicationEvolutions.$anonfun$start$1$adapted(ApplicationEvolutions.scala:42)
	at scala.collection.immutable.List.foreach(List.scala:389)
	at play.api.db.evolutions.ApplicationEvolutions.start(ApplicationEvolutions.scala:42)
	at play.api.db.evolutions.ApplicationEvolutions.<init>(ApplicationEvolutions.scala:151)
	at play.api.db.evolutions.ApplicationEvolutionsProvider.get$lzycompute(EvolutionsModule.scala:50)
	at play.api.db.evolutions.ApplicationEvolutionsProvider.get(EvolutionsModule.scala:49)
	at play.api.db.evolutions.ApplicationEvolutionsProvider.get(EvolutionsModule.scala:40)
	at com.google.inject.internal.ProviderInternalFactory.provision(ProviderInternalFactory.java:81)
	at com.google.inject.internal.BoundProviderFactory.provision(BoundProviderFactory.java:72)
	at com.google.inject.internal.ProviderInternalFactory.circularGet(ProviderInternalFactory.java:61)
	at com.google.inject.internal.BoundProviderFactory.get(BoundProviderFactory.java:62)
	at com.google.inject.internal.ProviderToInternalFactoryAdapter$1.call(ProviderToInternalFactoryAdapter.java:46)
	at com.google.inject.internal.InjectorImpl.callInContext(InjectorImpl.java:1092)
	at com.google.inject.internal.ProviderToInternalFactoryAdapter.get(ProviderToInternalFactoryAdapter.java:40)
	at com.google.inject.internal.SingletonScope$1.get(SingletonScope.java:194)
	at com.google.inject.internal.InternalFactoryToProviderAdapter.get(InternalFactoryToProviderAdapter.java:41)
	at com.google.inject.internal.InternalInjectorCreator$1.call(InternalInjectorCreator.java:205)
	at com.google.inject.internal.InternalInjectorCreator$1.call(InternalInjectorCreator.java:199)
	at com.google.inject.internal.InjectorImpl.callInContext(InjectorImpl.java:1085)
	at com.google.inject.internal.InternalInjectorCreator.loadEagerSingletons(InternalInjectorCreator.java:199)
	at com.google.inject.internal.InternalInjectorCreator.injectDynamically(InternalInjectorCreator.java:180)
	at com.google.inject.internal.InternalInjectorCreator.build(InternalInjectorCreator.java:110)
	at com.google.inject.Guice.createInjector(Guice.java:99)
	at com.google.inject.Guice.createInjector(Guice.java:84)
	at play.api.inject.guice.GuiceBuilder.injector(GuiceInjectorBuilder.scala:185)
	at play.api.inject.guice.GuiceApplicationBuilder.build(GuiceApplicationBuilder.scala:137)
	at play.api.inject.guice.GuiceApplicationLoader.load(GuiceApplicationLoader.scala:21)
	at play.core.server.DevServerStart$$anon$1.$anonfun$reload$3(DevServerStart.scala:174)
	at play.utils.Threads$.withContextClassLoader(Threads.scala:21)
	at play.core.server.DevServerStart$$anon$1.reload(DevServerStart.scala:171)
	at play.core.server.DevServerStart$$anon$1.get(DevServerStart.scala:124)
	at play.core.server.AkkaHttpServer.modelConversion(AkkaHttpServer.scala:183)
	at play.core.server.AkkaHttpServer.handleRequest(AkkaHttpServer.scala:189)
	at play.core.server.AkkaHttpServer.$anonfun$createServerBinding$3(AkkaHttpServer.scala:106)
	at akka.stream.impl.fusing.MapAsync$$anon$23.onPush(Ops.scala:1172)
	at akka.stream.impl.fusing.GraphInterpreter.processPush(GraphInterpreter.scala:499)
	at akka.stream.impl.fusing.GraphInterpreter.processEvent(GraphInterpreter.scala:462)
	at akka.stream.impl.fusing.GraphInterpreter.execute(GraphInterpreter.scala:368)
	at akka.stream.impl.fusing.GraphInterpreterShell.runBatch(ActorGraphInterpreter.scala:571)
	at akka.stream.impl.fusing.GraphInterpreterShell$AsyncInput.execute(ActorGraphInterpreter.scala:457)
	at akka.stream.impl.fusing.GraphInterpreterShell.processEvent(ActorGraphInterpreter.scala:546)
	at akka.stream.impl.fusing.ActorGraphInterpreter.akka$stream$impl$fusing$ActorGraphInterpreter$$processEvent(ActorGraphInterpreter.scala:725)
	at akka.stream.impl.fusing.ActorGraphInterpreter$$anonfun$receive$1.applyOrElse(ActorGraphInterpreter.scala:740)
	at akka.actor.Actor.aroundReceive(Actor.scala:514)
	at akka.actor.Actor.aroundReceive$(Actor.scala:512)
	at akka.stream.impl.fusing.ActorGraphInterpreter.aroundReceive(ActorGraphInterpreter.scala:650)
	at akka.actor.ActorCell.receiveMessage(ActorCell.scala:527)
	at akka.actor.ActorCell.invoke(ActorCell.scala:496)
	at akka.dispatch.Mailbox.processMailbox(Mailbox.scala:257)
	at akka.dispatch.Mailbox.run(Mailbox.scala:224)
	at akka.dispatch.Mailbox.exec(Mailbox.scala:234)
	at akka.dispatch.forkjoin.ForkJoinTask.doExec(ForkJoinTask.java:260)
	at akka.dispatch.forkjoin.ForkJoinPool$WorkQueue.runTask(ForkJoinPool.java:1339)
	at akka.dispatch.forkjoin.ForkJoinPool.runWorker(ForkJoinPool.java:1979)
	at akka.dispatch.forkjoin.ForkJoinWorkerThread.run(ForkJoinWorkerThread.java:107)
2017-08-23 13:55:59,634 [INFO] from application in play-dev-mode-akka.actor.default-dispatcher-11 - Shutting down connection pool.
2017-08-23 13:55:59,917 [INFO] from application in play-dev-mode-akka.actor.default-dispatcher-11 - Creating Pool for datasource 'default'
2017-08-23 13:55:59,933 [INFO] from play.api.db.DefaultDBApi in play-dev-mode-akka.actor.default-dispatcher-11 - Database [default] connected at jdbc:h2:file:./data/productsDB
2017-08-23 13:56:00,206 [INFO] from play.api.http.EnabledFilters in play-dev-mode-akka.actor.default-dispatcher-11 - Enabled Filters (see <https://www.playframework.com/documentation/latest/Filters>):

    play.filters.csrf.CSRFFilter
    play.filters.headers.SecurityHeadersFilter
    play.filters.hosts.AllowedHostsFilter

2017-08-23 13:56:00,276 [INFO] from play.api.Play in play-dev-mode-akka.actor.default-dispatcher-11 - Application started (Dev)
2017-08-23 14:10:41,830 [INFO] from application in play-dev-mode-akka.actor.default-dispatcher-36 - Shutting down connection pool.
2017-08-23 14:10:41,952 [INFO] from application in play-dev-mode-akka.actor.default-dispatcher-36 - Creating Pool for datasource 'default'
2017-08-23 14:10:41,974 [INFO] from play.api.db.DefaultDBApi in play-dev-mode-akka.actor.default-dispatcher-36 - Database [default] connected at jdbc:h2:file:./data/productsDB
2017-08-23 14:10:42,142 [INFO] from play.api.http.EnabledFilters in play-dev-mode-akka.actor.default-dispatcher-36 - Enabled Filters (see <https://www.playframework.com/documentation/latest/Filters>):

    play.filters.csrf.CSRFFilter
    play.filters.headers.SecurityHeadersFilter
    play.filters.hosts.AllowedHostsFilter

2017-08-23 14:10:42,166 [INFO] from play.api.Play in play-dev-mode-akka.actor.default-dispatcher-36 - Application started (Dev)
2017-08-23 14:11:14,744 [INFO] from application in play-dev-mode-akka.actor.default-dispatcher-36 - Shutting down connection pool.
2017-08-23 14:11:14,859 [INFO] from application in play-dev-mode-akka.actor.default-dispatcher-36 - Creating Pool for datasource 'default'
2017-08-23 14:11:14,866 [INFO] from play.api.db.DefaultDBApi in play-dev-mode-akka.actor.default-dispatcher-36 - Database [default] connected at jdbc:h2:file:./data/productsDB
2017-08-23 14:11:14,974 [INFO] from play.api.http.EnabledFilters in play-dev-mode-akka.actor.default-dispatcher-36 - Enabled Filters (see <https://www.playframework.com/documentation/latest/Filters>):

    play.filters.csrf.CSRFFilter
    play.filters.headers.SecurityHeadersFilter
    play.filters.hosts.AllowedHostsFilter

2017-08-23 14:11:14,986 [INFO] from play.api.Play in play-dev-mode-akka.actor.default-dispatcher-36 - Application started (Dev)
